# JRE version: Java(TM) SE Runtime Environment (8.0_71-b15) (build 1.8.0_71-b15)
# Java VM: Java HotSpot(TM) 64-Bit Server VM (25.71-b15 mixed mode windows-amd64 compressed oops)
Heap:
 PSYoungGen      total 167936K, used 136347K [0x00000000eab00000, 0x00000000f7b80000, 0x0000000100000000)
  eden space 129536K, 92% used [0x00000000eab00000,0x00000000f201c848,0x00000000f2980000)
  from space 38400K, 42% used [0x00000000f2980000,0x00000000f398a610,0x00000000f4f00000)
  to   space 36352K, 0% used [0x00000000f5800000,0x00000000f5800000,0x00000000f7b80000)
 ParOldGen       total 121344K, used 65468K [0x00000000c0000000, 0x00000000c7680000, 0x00000000eab00000)
  object space 121344K, 53% used [0x00000000c0000000,0x00000000c3fef380,0x00000000c7680000)
 Metaspace       used 76601K, capacity 80572K, committed 80768K, reserved 1118208K
  class space    used 10847K, capacity 12087K, committed 12160K, reserved 1048576K
GC Heap History (10 events):
Event: 2153.383 GC heap before
{Heap before GC invocations=32 (full 5):
 PSYoungGen      total 142848K, used 142844K [0x00000000eab00000, 0x00000000f5980000, 0x0000000100000000)
  eden space 118272K, 100% used [0x00000000eab00000,0x00000000f1e80000,0x00000000f1e80000)
  from space 24576K, 99% used [0x00000000f3b00000,0x00000000f52ff1a8,0x00000000f5300000)
  to   space 29184K, 0% used [0x00000000f1e80000,0x00000000f1e80000,0x00000000f3b00000)
 ParOldGen       total 65536K, used 38793K [0x00000000c0000000, 0x00000000c4000000, 0x00000000eab00000)
  object space 65536K, 59% used [0x00000000c0000000,0x00000000c25e2530,0x00000000c4000000)
 Metaspace       used 62866K, capacity 65720K, committed 66048K, reserved 1105920K
  class space    used 8787K, capacity 9636K, committed 9728K, reserved 1048576K
Event: 2153.696 GC heap after
Heap after GC invocations=32 (full 5):
 PSYoungGen      total 147456K, used 29157K [0x00000000eab00000, 0x00000000f7180000, 0x0000000100000000)
  eden space 118272K, 0% used [0x00000000eab00000,0x00000000eab00000,0x00000000f1e80000)
  from space 29184K, 99% used [0x00000000f1e80000,0x00000000f3af9580,0x00000000f3b00000)
  to   space 35328K, 0% used [0x00000000f4f00000,0x00000000f4f00000,0x00000000f7180000)
 ParOldGen       total 65536K, used 43102K [0x00000000c0000000, 0x00000000c4000000, 0x00000000eab00000)
  object space 65536K, 65% used [0x00000000c0000000,0x00000000c2a179f8,0x00000000c4000000)
 Metaspace       used 62866K, capacity 65720K, committed 66048K, reserved 1105920K
  class space    used 8787K, capacity 9636K, committed 9728K, reserved 1048576K
}
Event: 2178.233 GC heap before
{Heap before GC invocations=33 (full 5):
 PSYoungGen      total 147456K, used 83184K [0x00000000eab00000, 0x00000000f7180000, 0x0000000100000000)
  eden space 118272K, 45% used [0x00000000eab00000,0x00000000edfc2ac8,0x00000000f1e80000)
  from space 29184K, 99% used [0x00000000f1e80000,0x00000000f3af9580,0x00000000f3b00000)
  to   space 35328K, 0% used [0x00000000f4f00000,0x00000000f4f00000,0x00000000f7180000)
 ParOldGen       total 65536K, used 43102K [0x00000000c0000000, 0x00000000c4000000, 0x00000000eab00000)
  object space 65536K, 65% used [0x00000000c0000000,0x00000000c2a179f8,0x00000000c4000000)
 Metaspace       used 64076K, capacity 66914K, committed 67200K, reserved 1105920K
  class space    used 8978K, capacity 9812K, committed 9856K, reserved 1048576K
Event: 2178.353 GC heap after
Heap after GC invocations=33 (full 5):
 PSYoungGen      total 164864K, used 27872K [0x00000000eab00000, 0x00000000f7780000, 0x0000000100000000)
  eden space 129536K, 0% used [0x00000000eab00000,0x00000000eab00000,0x00000000f2980000)
  from space 35328K, 78% used [0x00000000f4f00000,0x00000000f6a38050,0x00000000f7180000)
  to   space 38400K, 0% used [0x00000000f2980000,0x00000000f2980000,0x00000000f4f00000)
 ParOldGen       total 65536K, used 43110K [0x00000000c0000000, 0x00000000c4000000, 0x00000000eab00000)
  object space 65536K, 65% used [0x00000000c0000000,0x00000000c2a199f8,0x00000000c4000000)
 Metaspace       used 64076K, capacity 66914K, committed 67200K, reserved 1105920K
  class space    used 8978K, capacity 9812K, committed 9856K, reserved 1048576K
}
Event: 2178.353 GC heap before
{Heap before GC invocations=34 (full 6):
 PSYoungGen      total 164864K, used 27872K [0x00000000eab00000, 0x00000000f7780000, 0x0000000100000000)
  eden space 129536K, 0% used [0x00000000eab00000,0x00000000eab00000,0x00000000f2980000)
  from space 35328K, 78% used [0x00000000f4f00000,0x00000000f6a38050,0x00000000f7180000)
  to   space 38400K, 0% used [0x00000000f2980000,0x00000000f2980000,0x00000000f4f00000)
 ParOldGen       total 65536K, used 43110K [0x00000000c0000000, 0x00000000c4000000, 0x00000000eab00000)
  object space 65536K, 65% used [0x00000000c0000000,0x00000000c2a199f8,0x00000000c4000000)
 Metaspace       used 64076K, capacity 66914K, committed 67200K, reserved 1105920K
  class space    used 8978K, capacity 9812K, committed 9856K, reserved 1048576K
Event: 2180.063 GC heap after
Heap after GC invocations=34 (full 6):
 PSYoungGen      total 164864K, used 0K [0x00000000eab00000, 0x00000000f7780000, 0x0000000100000000)
  eden space 129536K, 0% used [0x00000000eab00000,0x00000000eab00000,0x00000000f2980000)
  from space 35328K, 0% used [0x00000000f4f00000,0x00000000f4f00000,0x00000000f7180000)
  to   space 38400K, 0% used [0x00000000f2980000,0x00000000f2980000,0x00000000f4f00000)
 ParOldGen       total 65536K, used 60792K [0x00000000c0000000, 0x00000000c4000000, 0x00000000eab00000)
  object space 65536K, 92% used [0x00000000c0000000,0x00000000c3b5e040,0x00000000c4000000)
 Metaspace       used 64076K, capacity 66914K, committed 67200K, reserved 1105920K
  class space    used 8978K, capacity 9812K, committed 9856K, reserved 1048576K
}
Event: 2252.045 GC heap before
{Heap before GC invocations=35 (full 7):
 PSYoungGen      total 164864K, used 129536K [0x00000000eab00000, 0x00000000f7780000, 0x0000000100000000)
  eden space 129536K, 100% used [0x00000000eab00000,0x00000000f2980000,0x00000000f2980000)
  from space 35328K, 0% used [0x00000000f4f00000,0x00000000f4f00000,0x00000000f7180000)
  to   space 38400K, 0% used [0x00000000f2980000,0x00000000f2980000,0x00000000f4f00000)
 ParOldGen       total 65536K, used 60792K [0x00000000c0000000, 0x00000000c4000000, 0x00000000eab00000)
  object space 65536K, 92% used [0x00000000c0000000,0x00000000c3b5e040,0x00000000c4000000)
 Metaspace       used 69529K, capacity 72888K, committed 73088K, reserved 1112064K
  class space    used 9775K, capacity 10785K, committed 10880K, reserved 1048576K
Event: 2253.442 GC heap after
Heap after GC invocations=35 (full 7):
 PSYoungGen      total 164864K, used 10840K [0x00000000eab00000, 0x00000000f7780000, 0x0000000100000000)
  eden space 129536K, 8% used [0x00000000eab00000,0x00000000eb596368,0x00000000f2980000)
  from space 35328K, 0% used [0x00000000f4f00000,0x00000000f4f00000,0x00000000f7180000)
  to   space 38400K, 0% used [0x00000000f2980000,0x00000000f2980000,0x00000000f4f00000)
 ParOldGen       total 121344K, used 65460K [0x00000000c0000000, 0x00000000c7680000, 0x00000000eab00000)
  object space 121344K, 53% used [0x00000000c0000000,0x00000000c3fed380,0x00000000c7680000)
 Metaspace       used 69529K, capacity 72888K, committed 73088K, reserved 1112064K
  class space    used 9775K, capacity 10785K, committed 10880K, reserved 1048576K
}
Event: 2930.166 GC heap before
{Heap before GC invocations=36 (full 7):
 PSYoungGen      total 164864K, used 129536K [0x00000000eab00000, 0x00000000f7780000, 0x0000000100000000)
  eden space 129536K, 100% used [0x00000000eab00000,0x00000000f2980000,0x00000000f2980000)
  from space 35328K, 0% used [0x00000000f4f00000,0x00000000f4f00000,0x00000000f7180000)
  to   space 38400K, 0% used [0x00000000f2980000,0x00000000f2980000,0x00000000f4f00000)
 ParOldGen       total 121344K, used 65460K [0x00000000c0000000, 0x00000000c7680000, 0x00000000eab00000)
  object space 121344K, 53% used [0x00000000c0000000,0x00000000c3fed380,0x00000000c7680000)
 Metaspace       used 70954K, capacity 74594K, committed 74752K, reserved 1112064K
  class space    used 10019K, capacity 11149K, committed 11264K, reserved 1048576K
Event: 2930.396 GC heap after
Heap after GC invocations=36 (full 7):
 PSYoungGen      total 167936K, used 16425K [0x00000000eab00000, 0x00000000f7b80000, 0x0000000100000000)
  eden space 129536K, 0% used [0x00000000eab00000,0x00000000eab00000,0x00000000f2980000)
  from space 38400K, 42% used [0x00000000f2980000,0x00000000f398a610,0x00000000f4f00000)
  to   space 36352K, 0% used [0x00000000f5800000,0x00000000f5800000,0x00000000f7b80000)
 ParOldGen       total 121344K, used 65468K [0x00000000c0000000, 0x00000000c7680000, 0x00000000eab00000)
  object space 121344K, 53% used [0x00000000c0000000,0x00000000c3fef380,0x00000000c7680000)
 Metaspace       used 70954K, capacity 74594K, committed 74752K, reserved 1112064K
  class space    used 10019K, capacity 11149K, committed 11264K, reserved 1048576K
}

